{
  "stats": {
    "suites": 1,
    "tests": 1,
    "passes": 1,
    "pending": 0,
    "failures": 0,
    "start": "2023-05-12T20:05:39.588Z",
    "end": "2023-05-12T20:05:44.509Z",
    "duration": 4921,
    "testsRegistered": 1,
    "passPercent": 100,
    "pendingPercent": 0,
    "other": 0,
    "hasOther": false,
    "skipped": 0,
    "hasSkipped": false
  },
  "results": [
    {
      "uuid": "1c7aede5-3df6-42c5-926a-9390069739b8",
      "title": "",
      "fullFile": "cypress\\e2e\\GX-4499.cy.js",
      "file": "cypress\\e2e\\GX-4499.cy.js",
      "beforeHooks": [],
      "afterHooks": [],
      "tests": [],
      "suites": [
        {
          "uuid": "89292a7d-4597-4954-9860-1af769610968",
          "title": "GX-4499",
          "fullFile": "",
          "file": "",
          "beforeHooks": [],
          "afterHooks": [],
          "tests": [
            {
              "title": "deberia validar el error",
              "fullTitle": "GX-4499 deberia validar el error",
              "timedOut": null,
              "duration": 4854,
              "state": "passed",
              "speed": "fast",
              "pass": true,
              "fail": false,
              "pending": false,
              "context": null,
              "code": "cy.log('aa');",
              "err": {},
              "uuid": "6a97b2dd-053b-45fa-a48b-9cbc87683b01",
              "parentUUID": "89292a7d-4597-4954-9860-1af769610968",
              "isHook": false,
              "skipped": false
            }
          ],
          "suites": [],
          "passes": [
            "6a97b2dd-053b-45fa-a48b-9cbc87683b01"
          ],
          "failures": [],
          "pending": [],
          "skipped": [],
          "duration": 4854,
          "root": false,
          "rootEmpty": false,
          "_timeout": 2000
        }
      ],
      "passes": [],
      "failures": [],
      "pending": [],
      "skipped": [],
      "duration": 0,
      "root": true,
      "rootEmpty": true,
      "_timeout": 2000
    }
  ],
  "meta": {
    "mocha": {
      "version": "7.0.1"
    },
    "mochawesome": {
      "options": {
        "quiet": false,
        "reportFilename": "mochawesome",
        "saveHtml": true,
        "saveJson": true,
        "consoleReporter": "spec",
        "useInlineDiffs": false,
        "code": true
      },
      "version": "7.1.3"
    },
    "marge": {
      "options": {
        "reportDir": "cypress/results",
        "overwrite": false,
        "html": true,
        "json": true
      },
      "version": "6.2.0"
    }
  }
}