{
  "stats": {
    "suites": 1,
    "tests": 1,
    "passes": 0,
    "pending": 0,
    "failures": 1,
    "start": "2023-05-08T20:39:44.795Z",
    "end": "2023-05-08T20:39:51.603Z",
    "duration": 6808,
    "testsRegistered": 4,
    "passPercent": 0,
    "pendingPercent": 0,
    "other": 0,
    "hasOther": false,
    "skipped": 3,
    "hasSkipped": true
  },
  "results": [
    {
      "uuid": "c170350a-50fe-487d-9301-ed3e35bf0c5f",
      "title": "",
      "fullFile": "cypress\\e2e\\desafio.cy.js",
      "file": "cypress\\e2e\\desafio.cy.js",
      "beforeHooks": [],
      "afterHooks": [],
      "tests": [],
      "suites": [
        {
          "uuid": "ba62c0e4-da04-41da-915e-ad69aa4a96c8",
          "title": "pages objet model",
          "fullFile": "",
          "file": "",
          "beforeHooks": [],
          "afterHooks": [],
          "tests": [
            {
              "title": "agregar 5 tareas",
              "fullTitle": "pages objet model agregar 5 tareas",
              "timedOut": null,
              "duration": 6657,
              "state": "failed",
              "speed": null,
              "pass": false,
              "fail": true,
              "pending": false,
              "context": null,
              "code": "todoListPage.escribirTarea(loginData.test1.tareas.tarea1);\ntodoListPage.clickSendTaskButton();\ntodoListPage.escribirTarea(loginData.test1.tareas.tarea2);\ntodoListPage.clickSendTaskButton();\ntodoListPage.escribirTarea(loginData.test1.tareas.tarea3);\ntodoListPage.clickSendTaskButton();\ntodoListPage.escribirTarea(loginData.test1.tareas.tarea4);\ntodoListPage.clickSendTaskButton();\ntodoListPage.escribirTarea(loginData.test1.tareas.tarea5);\ntodoListPage.clickSendTaskButton();",
              "err": {
                "message": "AssertionError: Timed out retrying after 5000ms: Expected to find element: `#todolistlink`, but never found it.\n\nBecause this error occurred during a `before each` hook we are skipping the remaining tests in the current suite: `pages objet model`",
                "estack": "AssertionError: Timed out retrying after 5000ms: Expected to find element: `#todolistlink`, but never found it.\n\nBecause this error occurred during a `before each` hook we are skipping the remaining tests in the current suite: `pages objet model`\n    at HomePage.clickTodolistLick (https://pushing-front.vercel.app/__cypress/tests?p=cypress\\e2e\\desafio.cy.js:187:8)\n    at Context.eval (https://pushing-front.vercel.app/__cypress/tests?p=cypress\\e2e\\desafio.cy.js:122:14)",
                "diff": null
              },
              "uuid": "2f3ab996-6650-4c25-9bd3-23a934be5e52",
              "parentUUID": "ba62c0e4-da04-41da-915e-ad69aa4a96c8",
              "isHook": false,
              "skipped": false
            },
            {
              "title": "deberia validar los botones",
              "fullTitle": "pages objet model deberia validar los botones",
              "timedOut": null,
              "duration": 0,
              "state": "skipped",
              "speed": null,
              "pass": false,
              "fail": false,
              "pending": false,
              "context": null,
              "code": "//homePage.clickTodolistLick();\ncy.get('#all').should('exist');\ncy.get('#completed').should('exist');\ncy.get('#active').should('exist');\ncy.get('#removeAll').should('exist');",
              "err": {},
              "uuid": "97bcacd6-836c-48e2-940d-fdeec4840f7b",
              "parentUUID": "ba62c0e4-da04-41da-915e-ad69aa4a96c8",
              "isHook": false,
              "skipped": true
            },
            {
              "title": "permite agregar 2 tareas y completar la ultima tarea ingresada",
              "fullTitle": "pages objet model permite agregar 2 tareas y completar la ultima tarea ingresada",
              "timedOut": null,
              "duration": 0,
              "state": "skipped",
              "speed": null,
              "pass": false,
              "fail": false,
              "pending": false,
              "context": null,
              "code": "todoListPage.escribirTarea(loginData.test1.tareas.tarea1);\ntodoListPage.clickSendTaskButton();\ntodoListPage.escribirTarea(loginData.test1.tareas.tarea2);\ntodoListPage.clickSendTaskButton();\ntodoListPage.clickCompletedButton();\ntodoListPage.clickAllButton();\ntodoListPage.borrarTarea2();",
              "err": {},
              "uuid": "733eff1b-b60c-421a-8f2a-a37bcd8f6995",
              "parentUUID": "ba62c0e4-da04-41da-915e-ad69aa4a96c8",
              "isHook": false,
              "skipped": true
            },
            {
              "title": "permite agregar 2 tareas y completar la primera ingresada",
              "fullTitle": "pages objet model permite agregar 2 tareas y completar la primera ingresada",
              "timedOut": null,
              "duration": 0,
              "state": "skipped",
              "speed": null,
              "pass": false,
              "fail": false,
              "pending": false,
              "context": null,
              "code": "todoListPage.escribirTarea(loginData.test1.tareas.tarea1);\ntodoListPage.clickSendTaskButton();\ntodoListPage.escribirTarea(loginData.test1.tareas.tarea2);\ntodoListPage.clickSendTaskButton();\ntodoListPage.clickCompletedButton();\ntodoListPage.clickAllButton();\ntodoListPage.borrarTarea1();",
              "err": {},
              "uuid": "90d4fa62-70ea-45e8-9eeb-2fdbe68190b3",
              "parentUUID": "ba62c0e4-da04-41da-915e-ad69aa4a96c8",
              "isHook": false,
              "skipped": true
            }
          ],
          "suites": [],
          "passes": [],
          "failures": [
            "2f3ab996-6650-4c25-9bd3-23a934be5e52"
          ],
          "pending": [],
          "skipped": [
            "97bcacd6-836c-48e2-940d-fdeec4840f7b",
            "733eff1b-b60c-421a-8f2a-a37bcd8f6995",
            "90d4fa62-70ea-45e8-9eeb-2fdbe68190b3"
          ],
          "duration": 6657,
          "root": false,
          "rootEmpty": false,
          "_timeout": 2000
        }
      ],
      "passes": [],
      "failures": [],
      "pending": [],
      "skipped": [],
      "duration": 0,
      "root": true,
      "rootEmpty": true,
      "_timeout": 2000
    }
  ],
  "meta": {
    "mocha": {
      "version": "7.0.1"
    },
    "mochawesome": {
      "options": {
        "quiet": false,
        "reportFilename": "mochawesome",
        "saveHtml": true,
        "saveJson": true,
        "consoleReporter": "spec",
        "useInlineDiffs": false,
        "code": true
      },
      "version": "7.1.3"
    },
    "marge": {
      "options": {
        "reportDir": "cypress/results",
        "overwrite": false,
        "html": true,
        "json": true
      },
      "version": "6.2.0"
    }
  }
}