{
  "stats": {
    "suites": 1,
    "tests": 4,
    "passes": 4,
    "pending": 0,
    "failures": 0,
    "start": "2023-05-08T20:48:32.619Z",
    "end": "2023-05-08T20:48:45.089Z",
    "duration": 12470,
    "testsRegistered": 4,
    "passPercent": 100,
    "pendingPercent": 0,
    "other": 0,
    "hasOther": false,
    "skipped": 0,
    "hasSkipped": false
  },
  "results": [
    {
      "uuid": "743d9a6a-dd0b-4571-aab8-998ff2e9d1d7",
      "title": "",
      "fullFile": "cypress\\e2e\\desafio.cy.js",
      "file": "cypress\\e2e\\desafio.cy.js",
      "beforeHooks": [],
      "afterHooks": [],
      "tests": [],
      "suites": [
        {
          "uuid": "46e896cc-6549-4b11-8405-604bff373212",
          "title": "pages objet model",
          "fullFile": "",
          "file": "",
          "beforeHooks": [],
          "afterHooks": [],
          "tests": [
            {
              "title": "agregar 5 tareas",
              "fullTitle": "pages objet model agregar 5 tareas",
              "timedOut": null,
              "duration": 5129,
              "state": "passed",
              "speed": "medium",
              "pass": true,
              "fail": false,
              "pending": false,
              "context": null,
              "code": "todoListPage.escribirTarea(loginData.test1.tareas.tarea1);\ntodoListPage.clickSendTaskButton();\ntodoListPage.escribirTarea(loginData.test1.tareas.tarea2);\ntodoListPage.clickSendTaskButton();\ntodoListPage.escribirTarea(loginData.test1.tareas.tarea3);\ntodoListPage.clickSendTaskButton();\ntodoListPage.escribirTarea(loginData.test1.tareas.tarea4);\ntodoListPage.clickSendTaskButton();\ntodoListPage.escribirTarea(loginData.test1.tareas.tarea5);\ntodoListPage.clickSendTaskButton();",
              "err": {},
              "uuid": "e981c4eb-f29c-4c63-a002-093f4201500c",
              "parentUUID": "46e896cc-6549-4b11-8405-604bff373212",
              "isHook": false,
              "skipped": false
            },
            {
              "title": "deberia validar los botones",
              "fullTitle": "pages objet model deberia validar los botones",
              "timedOut": null,
              "duration": 1826,
              "state": "passed",
              "speed": "fast",
              "pass": true,
              "fail": false,
              "pending": false,
              "context": null,
              "code": "todoListPage.validarAllButton();\ntodoListPage.validarCompletedButton();\ntodoListPage.validarActiveButton();\ntodoListPage.validarRemoveButton(); //cy.get('#all').should('exist');\n//cy.get('#completed').should('exist');\n//cy.get('#active').should('exist');\n//cy.get('#removeAll').should('exist');",
              "err": {},
              "uuid": "e58587f8-0d6c-4832-9333-bf29c6162780",
              "parentUUID": "46e896cc-6549-4b11-8405-604bff373212",
              "isHook": false,
              "skipped": false
            },
            {
              "title": "permite agregar 2 tareas y completar la ultima tarea ingresada",
              "fullTitle": "pages objet model permite agregar 2 tareas y completar la ultima tarea ingresada",
              "timedOut": null,
              "duration": 2851,
              "state": "passed",
              "speed": "fast",
              "pass": true,
              "fail": false,
              "pending": false,
              "context": null,
              "code": "todoListPage.escribirTarea(loginData.test1.tareas.tarea1);\ntodoListPage.clickSendTaskButton();\ntodoListPage.escribirTarea(loginData.test1.tareas.tarea2);\ntodoListPage.clickSendTaskButton();\ntodoListPage.clickCompletedButton();\ntodoListPage.clickAllButton();\ntodoListPage.borrarTarea2();",
              "err": {},
              "uuid": "dee410ea-39ab-4656-a502-ae84e87f4c18",
              "parentUUID": "46e896cc-6549-4b11-8405-604bff373212",
              "isHook": false,
              "skipped": false
            },
            {
              "title": "permite agregar 2 tareas y completar la primera ingresada",
              "fullTitle": "pages objet model permite agregar 2 tareas y completar la primera ingresada",
              "timedOut": null,
              "duration": 2585,
              "state": "passed",
              "speed": "fast",
              "pass": true,
              "fail": false,
              "pending": false,
              "context": null,
              "code": "todoListPage.escribirTarea(loginData.test1.tareas.tarea1);\ntodoListPage.clickSendTaskButton();\ntodoListPage.escribirTarea(loginData.test1.tareas.tarea2);\ntodoListPage.clickSendTaskButton();\ntodoListPage.clickCompletedButton();\ntodoListPage.clickAllButton();\ntodoListPage.borrarTarea1();",
              "err": {},
              "uuid": "d7b6649f-d225-4654-b22d-cac76f97f693",
              "parentUUID": "46e896cc-6549-4b11-8405-604bff373212",
              "isHook": false,
              "skipped": false
            }
          ],
          "suites": [],
          "passes": [
            "e981c4eb-f29c-4c63-a002-093f4201500c",
            "e58587f8-0d6c-4832-9333-bf29c6162780",
            "dee410ea-39ab-4656-a502-ae84e87f4c18",
            "d7b6649f-d225-4654-b22d-cac76f97f693"
          ],
          "failures": [],
          "pending": [],
          "skipped": [],
          "duration": 12391,
          "root": false,
          "rootEmpty": false,
          "_timeout": 2000
        }
      ],
      "passes": [],
      "failures": [],
      "pending": [],
      "skipped": [],
      "duration": 0,
      "root": true,
      "rootEmpty": true,
      "_timeout": 2000
    }
  ],
  "meta": {
    "mocha": {
      "version": "7.0.1"
    },
    "mochawesome": {
      "options": {
        "quiet": false,
        "reportFilename": "mochawesome",
        "saveHtml": true,
        "saveJson": true,
        "consoleReporter": "spec",
        "useInlineDiffs": false,
        "code": true
      },
      "version": "7.1.3"
    },
    "marge": {
      "options": {
        "reportDir": "cypress/results",
        "overwrite": false,
        "html": true,
        "json": true
      },
      "version": "6.2.0"
    }
  }
}